[27-11-2018 09:14:17] PayPal\Core\PayPalHttpConnection: INFO	: POST https://api.sandbox.paypal.com/v1/oauth2/token
[27-11-2018 09:14:20] PayPal\Core\PayPalHttpConnection: INFO	: Response Status 	: 200
[27-11-2018 09:14:20] PayPal\Core\PayPalHttpConnection: INFO	: POST https://api.sandbox.paypal.com/v1/payments/payment
[27-11-2018 09:14:22] PayPal\Core\PayPalHttpConnection: INFO	: Response Status 	: 201
[27-11-2018 09:14:27] PayPal\Core\PayPalHttpConnection: INFO	: POST https://api.sandbox.paypal.com/v1/oauth2/token
[27-11-2018 09:14:29] PayPal\Core\PayPalHttpConnection: INFO	: Response Status 	: 200
[27-11-2018 09:14:29] PayPal\Core\PayPalHttpConnection: INFO	: POST https://api.sandbox.paypal.com/v1/payments/payment
[27-11-2018 09:14:32] PayPal\Core\PayPalHttpConnection: INFO	: Response Status 	: 201
[27-11-2018 09:14:51] PayPal\Core\PayPalHttpConnection: INFO	: POST https://api.sandbox.paypal.com/v1/oauth2/token
[27-11-2018 09:14:52] PayPal\Core\PayPalHttpConnection: INFO	: Response Status 	: 200
[27-11-2018 09:14:52] PayPal\Core\PayPalHttpConnection: INFO	: POST https://api.sandbox.paypal.com/v1/payments/payment
[27-11-2018 09:14:55] PayPal\Core\PayPalHttpConnection: INFO	: Response Status 	: 201
[27-11-2018 09:15:26] PayPal\Core\PayPalHttpConnection: INFO	: POST https://api.sandbox.paypal.com/v1/oauth2/token
[27-11-2018 09:15:27] PayPal\Core\PayPalHttpConnection: INFO	: Response Status 	: 200
[27-11-2018 09:15:27] PayPal\Core\PayPalHttpConnection: INFO	: GET https://api.sandbox.paypal.com/v1/payments/payment/PAY-3XN74638P40956442LP6QWNY
[27-11-2018 09:15:29] PayPal\Core\PayPalHttpConnection: INFO	: Response Status 	: 200
[27-11-2018 09:15:29] PayPal\Core\PayPalHttpConnection: INFO	: POST https://api.sandbox.paypal.com/v1/payments/payment/PAY-3XN74638P40956442LP6QWNY/execute
[27-11-2018 09:15:32] PayPal\Core\PayPalHttpConnection: INFO	: Response Status 	: 200
[02-12-2018 12:35:29] PayPal\Core\PayPalHttpConnection: INFO	: POST https://api.sandbox.paypal.com/v1/oauth2/token
[02-12-2018 12:35:31] PayPal\Core\PayPalHttpConnection: INFO	: Response Status 	: 200
[02-12-2018 12:35:31] PayPal\Core\PayPalHttpConnection: INFO	: POST https://api.sandbox.paypal.com/v1/payments/payment
[02-12-2018 12:35:33] PayPal\Core\PayPalHttpConnection: INFO	: Response Status 	: 201
[02-12-2018 12:38:19] PayPal\Core\PayPalHttpConnection: INFO	: POST https://api.sandbox.paypal.com/v1/oauth2/token
[02-12-2018 12:38:21] PayPal\Core\PayPalHttpConnection: INFO	: Response Status 	: 200
[02-12-2018 12:38:21] PayPal\Core\PayPalHttpConnection: INFO	: GET https://api.sandbox.paypal.com/v1/payments/payment/PAY-0HP52319EE920440SLQB5DQA
[02-12-2018 12:38:24] PayPal\Core\PayPalHttpConnection: INFO	: Response Status 	: 200
[02-12-2018 12:38:24] PayPal\Core\PayPalHttpConnection: INFO	: POST https://api.sandbox.paypal.com/v1/payments/payment/PAY-0HP52319EE920440SLQB5DQA/execute
[02-12-2018 12:38:27] PayPal\Core\PayPalHttpConnection: INFO	: Response Status 	: 200
[02-12-2018 12:42:27] PayPal\Core\PayPalHttpConnection: INFO	: POST https://api.sandbox.paypal.com/v1/oauth2/token
[02-12-2018 12:42:29] PayPal\Core\PayPalHttpConnection: INFO	: Response Status 	: 200
[02-12-2018 12:42:29] PayPal\Core\PayPalHttpConnection: INFO	: POST https://api.sandbox.paypal.com/v1/payments/payment
[02-12-2018 12:42:32] PayPal\Core\PayPalHttpConnection: INFO	: Response Status 	: 201
[02-12-2018 12:43:32] PayPal\Core\PayPalHttpConnection: INFO	: POST https://api.sandbox.paypal.com/v1/oauth2/token
[02-12-2018 12:43:33] PayPal\Core\PayPalHttpConnection: INFO	: Response Status 	: 200
[02-12-2018 12:43:33] PayPal\Core\PayPalHttpConnection: INFO	: GET https://api.sandbox.paypal.com/v1/payments/payment/PAY-83L244181E923693MLQB5GYQ
[02-12-2018 12:43:35] PayPal\Core\PayPalHttpConnection: INFO	: Response Status 	: 200
[02-12-2018 12:43:35] PayPal\Core\PayPalHttpConnection: INFO	: POST https://api.sandbox.paypal.com/v1/payments/payment/PAY-83L244181E923693MLQB5GYQ/execute
[02-12-2018 12:43:38] PayPal\Core\PayPalHttpConnection: INFO	: Response Status 	: 200
[03-12-2018 08:14:44] PayPal\Core\PayPalHttpConnection: INFO	: POST https://api.sandbox.paypal.com/v1/oauth2/token
[03-12-2018 08:14:47] PayPal\Core\PayPalHttpConnection: INFO	: Response Status 	: 200
[03-12-2018 08:14:47] PayPal\Core\PayPalHttpConnection: INFO	: POST https://api.sandbox.paypal.com/v1/payments/payment
[03-12-2018 08:14:49] PayPal\Core\PayPalHttpConnection: INFO	: Response Status 	: 201
[03-12-2018 08:15:22] PayPal\Core\PayPalHttpConnection: INFO	: POST https://api.sandbox.paypal.com/v1/oauth2/token
[03-12-2018 08:15:24] PayPal\Core\PayPalHttpConnection: INFO	: Response Status 	: 200
[03-12-2018 08:15:24] PayPal\Core\PayPalHttpConnection: INFO	: GET https://api.sandbox.paypal.com/v1/payments/payment/PAY-45609340VT137162FLQCOMJA
[03-12-2018 08:15:26] PayPal\Core\PayPalHttpConnection: INFO	: Response Status 	: 200
[03-12-2018 08:15:26] PayPal\Core\PayPalHttpConnection: INFO	: POST https://api.sandbox.paypal.com/v1/payments/payment/PAY-45609340VT137162FLQCOMJA/execute
[03-12-2018 08:15:29] PayPal\Core\PayPalHttpConnection: INFO	: Response Status 	: 200
[12-12-2018 10:07:20] PayPal\Core\PayPalHttpConnection: INFO	: POST https://api.sandbox.paypal.com/v1/oauth2/token
[12-12-2018 10:07:23] PayPal\Core\PayPalHttpConnection: INFO	: Response Status 	: 200
[12-12-2018 10:07:23] PayPal\Core\PayPalHttpConnection: INFO	: POST https://api.sandbox.paypal.com/v1/payments/payment
[12-12-2018 10:07:25] PayPal\Core\PayPalHttpConnection: INFO	: Response Status 	: 201
[12-12-2018 10:07:57] PayPal\Core\PayPalHttpConnection: INFO	: POST https://api.sandbox.paypal.com/v1/oauth2/token
[12-12-2018 10:07:59] PayPal\Core\PayPalHttpConnection: INFO	: Response Status 	: 200
[12-12-2018 10:07:59] PayPal\Core\PayPalHttpConnection: INFO	: GET https://api.sandbox.paypal.com/v1/payments/payment/PAY-73G85829WP869371KLQIN4DA
[12-12-2018 10:08:00] PayPal\Core\PayPalHttpConnection: INFO	: Response Status 	: 200
[12-12-2018 10:08:01] PayPal\Core\PayPalHttpConnection: INFO	: POST https://api.sandbox.paypal.com/v1/payments/payment/PAY-73G85829WP869371KLQIN4DA/execute
[12-12-2018 10:08:03] PayPal\Core\PayPalHttpConnection: INFO	: Response Status 	: 200
